[01m[K/home/luky/mavros_ros2_ws/src/angle_calculator/src/angle_calculator_node.cpp:83:43:[m[K [01;31m[Kerror: [m[Kâ€˜[01m[KVector3[m[Kâ€™ is not a member of â€˜[01m[Kgeometry_msgs::msg[m[Kâ€™; did you mean â€˜[01m[Ktf2::Vector3[m[Kâ€™?
   83 |     rclcpp::Publisher<geometry_msgs::msg::[01;31m[KVector3[m[K>::SharedPtr load_angle_publisher_;
      |                                           [01;31m[K^~~~~~~[m[K
In file included from [01m[K/opt/ros/humble/include/tf2/tf2/LinearMath/Quaternion.h:21[m[K,
                 from [01m[K/home/luky/mavros_ros2_ws/src/angle_calculator/src/angle_calculator_node.cpp:3[m[K:
[01m[K/opt/ros/humble/include/tf2/tf2/LinearMath/Vector3.h:38:28:[m[K [01;36m[Knote: [m[Kâ€˜[01m[Ktf2::Vector3[m[Kâ€™ declared here
   38 | ATTRIBUTE_ALIGNED16(class) [01;36m[KVector3[m[K
      |                            [01;36m[K^~~~~~~[m[K
[01m[K/home/luky/mavros_ros2_ws/src/angle_calculator/src/angle_calculator_node.cpp:83:50:[m[K [01;31m[Kerror: [m[Ktemplate argument 1 is invalid
   83 |     rclcpp::Publisher<geometry_msgs::msg::Vector3[01;31m[K>[m[K::SharedPtr load_angle_publisher_;
      |                                                  [01;31m[K^[m[K
[01m[K/home/luky/mavros_ros2_ws/src/angle_calculator/src/angle_calculator_node.cpp:83:53:[m[K [01;31m[Kerror: [m[Kexpected â€˜[01m[K;[m[Kâ€™ at end of member declaration
   83 |     rclcpp::Publisher<geometry_msgs::msg::Vector3>::[01;31m[KSharedPtr[m[K load_angle_publisher_;
      |                                                     [01;31m[K^~~~~~~~~[m[K
      |                                                              [32m[K;[m[K
[01m[K/home/luky/mavros_ros2_ws/src/angle_calculator/src/angle_calculator_node.cpp:83:63:[m[K [01;31m[Kerror: [m[Kâ€˜[01m[Kload_angle_publisher_[m[Kâ€™ does not name a type
   83 |   rclcpp::Publisher<geometry_msgs::msg::Vector3>::SharedPtr [01;31m[Kload_angle_publisher_[m[K;
      |                                                             [01;31m[K^~~~~~~~~~~~~~~~~~~~~[m[K

[01m[K/home/luky/mavros_ros2_ws/src/angle_calculator/src/angle_calculator_node.cpp:[m[K In member function â€˜[01m[Kvoid AngleCalculator::calculate_angles()[m[Kâ€™:
[01m[K/home/luky/mavros_ros2_ws/src/angle_calculator/src/angle_calculator_node.cpp:74:46:[m[K [01;31m[Kerror: [m[Kâ€˜[01m[KVector3[m[Kâ€™ is not a member of â€˜[01m[Kgeometry_msgs::msg[m[Kâ€™; did you mean â€˜[01m[Ktf2::Vector3[m[Kâ€™?
   74 |         auto angle_msg = geometry_msgs::msg::[01;31m[KVector3[m[K();
      |                                              [01;31m[K^~~~~~~[m[K
In file included from [01m[K/opt/ros/humble/include/tf2/tf2/LinearMath/Quaternion.h:21[m[K,
                 from [01m[K/home/luky/mavros_ros2_ws/src/angle_calculator/src/angle_calculator_node.cpp:3[m[K:
[01m[K/opt/ros/humble/include/tf2/tf2/LinearMath/Vector3.h:38:28:[m[K [01;36m[Knote: [m[Kâ€˜[01m[Ktf2::Vector3[m[Kâ€™ declared here
   38 | ATTRIBUTE_ALIGNED16(class) [01;36m[KVector3[m[K
      |                            [01;36m[K^~~~~~~[m[K
[01m[K/home/luky/mavros_ros2_ws/src/angle_calculator/src/angle_calculator_node.cpp:78:9:[m[K [01;31m[Kerror: [m[Kâ€˜[01m[Kload_angle_publisher_[m[Kâ€™ was not declared in this scope
   78 |         [01;31m[Kload_angle_publisher_[m[K->publish(angle_msg);
      |         [01;31m[K^~~~~~~~~~~~~~~~~~~~~[m[K
gmake[2]: *** [CMakeFiles/angle_calculator_node.dir/build.make:76: CMakeFiles/angle_calculator_node.dir/src/angle_calculator_node.cpp.o] Error 1
gmake[1]: *** [CMakeFiles/Makefile2:137: CMakeFiles/angle_calculator_node.dir/all] Error 2
gmake: *** [Makefile:146: all] Error 2
